0 info it worked if it ends with ok
1 verbose cli [ '/home/roll/.nvm/versions/node/v4.2.2/bin/node',
1 verbose cli   '/home/roll/.nvm/versions/node/v4.2.2/bin/npm',
1 verbose cli   'run',
1 verbose cli   'review' ]
2 info using npm@2.14.7
3 info using node@v4.2.2
4 verbose run-script [ 'prereview', 'review', 'postreview' ]
5 info prereview os-datastore-cli@
6 info review os-datastore-cli@
7 verbose unsafe-perm in lifecycle true
8 info os-datastore-cli@ Failed to exec review script
9 verbose stack Error: os-datastore-cli@ review: `pylama oscli`
9 verbose stack spawn ENOENT
9 verbose stack     at ChildProcess.<anonymous> (/home/roll/.nvm/versions/node/v4.2.2/lib/node_modules/npm/lib/utils/spawn.js:17:16)
9 verbose stack     at emitTwo (events.js:87:13)
9 verbose stack     at ChildProcess.emit (events.js:172:7)
9 verbose stack     at maybeClose (internal/child_process.js:818:16)
9 verbose stack     at Process.ChildProcess._handle.onexit (internal/child_process.js:211:5)
10 verbose pkgid os-datastore-cli@
11 verbose cwd /home/roll/projects/openspending-cli
12 error Linux 3.19.0-33-generic
13 error argv "/home/roll/.nvm/versions/node/v4.2.2/bin/node" "/home/roll/.nvm/versions/node/v4.2.2/bin/npm" "run" "review"
14 error node v4.2.2
15 error npm  v2.14.7
16 error file sh
17 error code ELIFECYCLE
18 error errno ENOENT
19 error syscall spawn
20 error os-datastore-cli@ review: `pylama oscli`
20 error spawn ENOENT
21 error Failed at the os-datastore-cli@ review script 'pylama oscli'.
21 error This is most likely a problem with the os-datastore-cli package,
21 error not with npm itself.
21 error Tell the author that this fails on your system:
21 error     pylama oscli
21 error You can get their info via:
21 error     npm owner ls os-datastore-cli
21 error There is likely additional logging output above.
22 verbose exit [ 1, true ]
